[2021-10-30 14:30:11] | CInterfaceManager.cpp-L4678: CamCtrl[2020009], U3V SDKVersion(1020009), DriverVersion(0)
[2021-10-30 14:30:11] | CInterfaceManager.cpp-L1066: remalloc RecvBuf succeed, [616448]
[2021-10-30 14:30:11] | CInterfaceManager.cpp-L4335: Camctrl RecvThread Start, ThreadId[97490688]
[2021-10-30 14:30:11] | CInterfaceManager.cpp-L4149: Camctrl DisplayThread Start, ThreadId[89097984]
[2021-10-30 14:35:58] | CInterfaceManager.cpp-L4678: CamCtrl[2020009], U3V SDKVersion(1020009), DriverVersion(0)
[2021-10-30 14:35:58] | CInterfaceManager.cpp-L1066: remalloc RecvBuf succeed, [616448]
[2021-10-30 14:35:58] | CInterfaceManager.cpp-L4335: Camctrl RecvThread Start, ThreadId[-766527744]
[2021-10-30 14:35:58] | CInterfaceManager.cpp-L4149: Camctrl DisplayThread Start, ThreadId[-774920448]
[2021-10-30 14:37:25] | CInterfaceManager.cpp-L4678: CamCtrl[2020009], U3V SDKVersion(1020009), DriverVersion(0)
[2021-10-30 14:37:25] | CInterfaceManager.cpp-L1066: remalloc RecvBuf succeed, [616448]
[2021-10-30 14:37:25] | CInterfaceManager.cpp-L4335: Camctrl RecvThread Start, ThreadId[2093963008]
[2021-10-30 14:37:25] | CInterfaceManager.cpp-L4149: Camctrl DisplayThread Start, ThreadId[1744828160]
[2021-10-30 14:37:34] | CInterfaceManager.cpp-L4678: CamCtrl[2020009], U3V SDKVersion(1020009), DriverVersion(0)
[2021-10-30 14:37:35] | CInterfaceManager.cpp-L1066: remalloc RecvBuf succeed, [616448]
[2021-10-30 14:37:35] | CInterfaceManager.cpp-L4335: Camctrl RecvThread Start, ThreadId[621766400]
[2021-10-30 14:37:35] | CInterfaceManager.cpp-L4149: Camctrl DisplayThread Start, ThreadId[613373696]
[2021-10-30 14:37:48] | CInterfaceManager.cpp-L4678: CamCtrl[2020009], U3V SDKVersion(1020009), DriverVersion(0)
[2021-10-30 14:37:48] | CInterfaceManager.cpp-L1066: remalloc RecvBuf succeed, [616448]
[2021-10-30 14:37:48] | CInterfaceManager.cpp-L4335: Camctrl RecvThread Start, ThreadId[-1450211584]
[2021-10-30 14:37:48] | CInterfaceManager.cpp-L4149: Camctrl DisplayThread Start, ThreadId[-1458604288]
[2021-10-30 14:37:57] | CInterfaceManager.cpp-L4678: CamCtrl[2020009], U3V SDKVersion(1020009), DriverVersion(0)
[2021-10-30 14:37:58] | CInterfaceManager.cpp-L1066: remalloc RecvBuf succeed, [616448]
[2021-10-30 14:37:58] | CInterfaceManager.cpp-L4335: Camctrl RecvThread Start, ThreadId[-1161836800]
[2021-10-30 14:37:58] | CInterfaceManager.cpp-L4149: Camctrl DisplayThread Start, ThreadId[-1170229504]
[2021-10-30 14:38:38] | CInterfaceManager.cpp-L4678: CamCtrl[2020009], U3V SDKVersion(1020009), DriverVersion(0)
[2021-10-30 14:38:38] | CInterfaceManager.cpp-L1066: remalloc RecvBuf succeed, [616448]
[2021-10-30 14:38:38] | CInterfaceManager.cpp-L4335: Camctrl RecvThread Start, ThreadId[-2088769792]
[2021-10-30 14:38:38] | CInterfaceManager.cpp-L4149: Camctrl DisplayThread Start, ThreadId[-2097162496]
[2021-10-30 14:41:52] | CInterfaceManager.cpp-L4678: CamCtrl[2020009], U3V SDKVersion(1020009), DriverVersion(0)
[2021-10-30 14:41:53] | CInterfaceManager.cpp-L1066: remalloc RecvBuf succeed, [616448]
[2021-10-30 14:41:53] | CInterfaceManager.cpp-L4335: Camctrl RecvThread Start, ThreadId[-649103616]
[2021-10-30 14:41:53] | CInterfaceManager.cpp-L4149: Camctrl DisplayThread Start, ThreadId[-657496320]
[2021-10-30 14:53:48] | CInterfaceManager.cpp-L4678: CamCtrl[2020009], U3V SDKVersion(1020009), DriverVersion(0)
[2021-10-30 14:53:49] | CInterfaceManager.cpp-L1066: remalloc RecvBuf succeed, [616448]
[2021-10-30 14:53:49] | CInterfaceManager.cpp-L4335: Camctrl RecvThread Start, ThreadId[1988085504]
[2021-10-30 14:53:49] | CInterfaceManager.cpp-L4149: Camctrl DisplayThread Start, ThreadId[1979692800]
[2021-10-30 14:59:40] | CInterfaceManager.cpp-L4678: CamCtrl[2020009], U3V SDKVersion(1020009), DriverVersion(0)
[2021-10-30 14:59:41] | CInterfaceManager.cpp-L1066: remalloc RecvBuf succeed, [616448]
[2021-10-30 14:59:41] | CInterfaceManager.cpp-L4335: Camctrl RecvThread Start, ThreadId[-536873216]
[2021-10-30 14:59:41] | CInterfaceManager.cpp-L4149: Camctrl DisplayThread Start, ThreadId[-545265920]
[2021-10-30 15:03:54] | CInterfaceManager.cpp-L4678: CamCtrl[2020009], U3V SDKVersion(1020009), DriverVersion(0)
[2021-10-30 15:03:55] | CInterfaceManager.cpp-L1066: remalloc RecvBuf succeed, [616448]
[2021-10-30 15:03:55] | CInterfaceManager.cpp-L4335: Camctrl RecvThread Start, ThreadId[-486549760]
[2021-10-30 15:03:55] | CInterfaceManager.cpp-L4149: Camctrl DisplayThread Start, ThreadId[-494942464]
[2021-10-30 15:11:57] | CInterfaceManager.cpp-L4678: CamCtrl[2020009], U3V SDKVersion(1020009), DriverVersion(0)
[2021-10-30 15:11:58] | CInterfaceManager.cpp-L1066: remalloc RecvBuf succeed, [616448]
[2021-10-30 15:11:58] | CInterfaceManager.cpp-L4335: Camctrl RecvThread Start, ThreadId[-592496896]
[2021-10-30 15:11:58] | CInterfaceManager.cpp-L4149: Camctrl DisplayThread Start, ThreadId[-872417536]
[2021-10-30 15:18:39] | CInterfaceManager.cpp-L4678: CamCtrl[2020009], U3V SDKVersion(1020009), DriverVersion(0)
[2021-10-30 15:18:41] | CInterfaceManager.cpp-L1066: remalloc RecvBuf succeed, [616448]
[2021-10-30 15:18:41] | CInterfaceManager.cpp-L4335: Camctrl RecvThread Start, ThreadId[814700288]
[2021-10-30 15:18:41] | CInterfaceManager.cpp-L4149: Camctrl DisplayThread Start, ThreadId[469759744]
[2021-10-30 15:21:39] | CInterfaceManager.cpp-L4678: CamCtrl[2020009], U3V SDKVersion(1020009), DriverVersion(0)
[2021-10-30 15:21:40] | CInterfaceManager.cpp-L1066: remalloc RecvBuf succeed, [616448]
[2021-10-30 15:21:40] | CInterfaceManager.cpp-L4335: Camctrl RecvThread Start, ThreadId[1312798464]
[2021-10-30 15:21:40] | CInterfaceManager.cpp-L4149: Camctrl DisplayThread Start, ThreadId[1304405760]
[2021-10-30 15:25:34] | CInterfaceManager.cpp-L4678: CamCtrl[2020009], U3V SDKVersion(1020009), DriverVersion(0)
[2021-10-30 15:25:36] | CInterfaceManager.cpp-L1066: remalloc RecvBuf succeed, [616448]
[2021-10-30 15:25:36] | CInterfaceManager.cpp-L4335: Camctrl RecvThread Start, ThreadId[-644905216]
[2021-10-30 15:25:36] | CInterfaceManager.cpp-L4149: Camctrl DisplayThread Start, ThreadId[-653297920]
[2021-10-30 15:26:55] | CInterfaceManager.cpp-L4678: CamCtrl[2020009], U3V SDKVersion(1020009), DriverVersion(0)
[2021-10-30 15:26:56] | CInterfaceManager.cpp-L1066: remalloc RecvBuf succeed, [616448]
[2021-10-30 15:26:56] | CInterfaceManager.cpp-L4335: Camctrl RecvThread Start, ThreadId[-1600182528]
[2021-10-30 15:26:56] | CInterfaceManager.cpp-L4149: Camctrl DisplayThread Start, ThreadId[-1946159360]
[2021-10-30 15:38:49] | CInterfaceManager.cpp-L4678: CamCtrl[2020009], U3V SDKVersion(1020009), DriverVersion(0)
[2021-10-30 15:38:50] | CInterfaceManager.cpp-L1066: remalloc RecvBuf succeed, [616448]
[2021-10-30 15:38:50] | CInterfaceManager.cpp-L4335: Camctrl RecvThread Start, ThreadId[1811937024]
[2021-10-30 15:38:50] | CInterfaceManager.cpp-L4149: Camctrl DisplayThread Start, ThreadId[1803544320]
[2021-10-30 15:40:15] | CInterfaceManager.cpp-L4678: CamCtrl[2020009], U3V SDKVersion(1020009), DriverVersion(0)
[2021-10-30 15:40:17] | CInterfaceManager.cpp-L1066: remalloc RecvBuf succeed, [616448]
[2021-10-30 15:40:17] | CInterfaceManager.cpp-L4335: Camctrl RecvThread Start, ThreadId[1325389568]
[2021-10-30 15:40:17] | CInterfaceManager.cpp-L4149: Camctrl DisplayThread Start, ThreadId[1316996864]
[2021-10-30 15:42:30] | CInterfaceManager.cpp-L4678: CamCtrl[2020009], U3V SDKVersion(1020009), DriverVersion(0)
[2021-10-30 15:42:31] | CInterfaceManager.cpp-L1066: remalloc RecvBuf succeed, [616448]
[2021-10-30 15:42:31] | CInterfaceManager.cpp-L4335: Camctrl RecvThread Start, ThreadId[1006630656]
[2021-10-30 15:42:31] | CInterfaceManager.cpp-L4149: Camctrl DisplayThread Start, ThreadId[998237952]
[2021-10-30 15:44:14] | CInterfaceManager.cpp-L4678: CamCtrl[2020009], U3V SDKVersion(1020009), DriverVersion(0)
[2021-10-30 15:44:16] | CInterfaceManager.cpp-L1066: remalloc RecvBuf succeed, [616448]
[2021-10-30 15:44:16] | CInterfaceManager.cpp-L4335: Camctrl RecvThread Start, ThreadId[1610610432]
[2021-10-30 15:44:16] | CInterfaceManager.cpp-L4149: Camctrl DisplayThread Start, ThreadId[1602217728]
[2021-10-30 15:44:43] | CInterfaceManager.cpp-L4678: CamCtrl[2020009], U3V SDKVersion(1020009), DriverVersion(0)
[2021-10-30 15:44:44] | CInterfaceManager.cpp-L1066: remalloc RecvBuf succeed, [616448]
[2021-10-30 15:44:44] | CInterfaceManager.cpp-L4335: Camctrl RecvThread Start, ThreadId[-1589676288]
[2021-10-30 15:44:44] | CInterfaceManager.cpp-L4149: Camctrl DisplayThread Start, ThreadId[-1598068992]
[2021-10-30 16:12:35] | CInterfaceManager.cpp-L4678: CamCtrl[2020009], U3V SDKVersion(1020009), DriverVersion(0)
[2021-10-30 16:12:36] | CInterfaceManager.cpp-L1066: remalloc RecvBuf succeed, [616448]
[2021-10-30 16:12:36] | CInterfaceManager.cpp-L4335: Camctrl RecvThread Start, ThreadId[301971200]
[2021-10-30 16:12:36] | CInterfaceManager.cpp-L4149: Camctrl DisplayThread Start, ThreadId[293578496]
[2021-10-30 16:12:50] | CInterfaceManager.cpp-L4678: CamCtrl[2020009], U3V SDKVersion(1020009), DriverVersion(0)
[2021-10-30 16:12:51] | CInterfaceManager.cpp-L1066: remalloc RecvBuf succeed, [616448]
[2021-10-30 16:12:51] | CInterfaceManager.cpp-L4335: Camctrl RecvThread Start, ThreadId[1163822848]
[2021-10-30 16:12:51] | CInterfaceManager.cpp-L4149: Camctrl DisplayThread Start, ThreadId[1155430144]
[2021-10-30 16:40:55] | CInterfaceManager.cpp-L4678: CamCtrl[2020009], U3V SDKVersion(1020009), DriverVersion(0)
[2021-10-30 16:40:56] | CInterfaceManager.cpp-L1066: remalloc RecvBuf succeed, [616448]
[2021-10-30 16:40:56] | CInterfaceManager.cpp-L4335: Camctrl RecvThread Start, ThreadId[630163200]
[2021-10-30 16:40:56] | CInterfaceManager.cpp-L4149: Camctrl DisplayThread Start, ThreadId[621770496]
[2021-10-30 16:41:26] | CInterfaceManager.cpp-L4678: CamCtrl[2020009], U3V SDKVersion(1020009), DriverVersion(0)
[2021-10-30 16:41:26] | CInterfaceManager.cpp-L1066: remalloc RecvBuf succeed, [616448]
[2021-10-30 16:41:27] | CInterfaceManager.cpp-L4335: Camctrl RecvThread Start, ThreadId[125822720]
[2021-10-30 16:41:27] | CInterfaceManager.cpp-L4149: Camctrl DisplayThread Start, ThreadId[117430016]
[2021-10-30 16:42:24] | CInterfaceManager.cpp-L4678: CamCtrl[2020009], U3V SDKVersion(1020009), DriverVersion(0)
[2021-10-30 16:42:24] | CInterfaceManager.cpp-L1066: remalloc RecvBuf succeed, [616448]
[2021-10-30 16:42:24] | CInterfaceManager.cpp-L4335: Camctrl RecvThread Start, ThreadId[109037312]
[2021-10-30 16:42:24] | CInterfaceManager.cpp-L4149: Camctrl DisplayThread Start, ThreadId[100644608]
[2021-10-30 16:43:30] | CInterfaceManager.cpp-L4678: CamCtrl[2020009], U3V SDKVersion(1020009), DriverVersion(0)
[2021-10-30 16:43:31] | CInterfaceManager.cpp-L1066: remalloc RecvBuf succeed, [616448]
[2021-10-30 16:43:31] | CInterfaceManager.cpp-L4335: Camctrl RecvThread Start, ThreadId[1016010496]
[2021-10-30 16:43:31] | CInterfaceManager.cpp-L4149: Camctrl DisplayThread Start, ThreadId[671086336]
[2021-10-30 16:44:22] | CInterfaceManager.cpp-L4678: CamCtrl[2020009], U3V SDKVersion(1020009), DriverVersion(0)
[2021-10-30 16:44:23] | CInterfaceManager.cpp-L1066: remalloc RecvBuf succeed, [616448]
[2021-10-30 16:44:23] | CInterfaceManager.cpp-L4335: Camctrl RecvThread Start, ThreadId[847234816]
[2021-10-30 16:44:23] | CInterfaceManager.cpp-L4149: Camctrl DisplayThread Start, ThreadId[838842112]
[2021-10-30 16:44:26] | CInterfaceManager.cpp-L4678: CamCtrl[2020009], U3V SDKVersion(1020009), DriverVersion(0)
[2021-10-30 16:44:28] | CInterfaceManager.cpp-L1066: remalloc RecvBuf succeed, [616448]
[2021-10-30 16:44:28] | CInterfaceManager.cpp-L4335: Camctrl RecvThread Start, ThreadId[634361600]
[2021-10-30 16:44:28] | CInterfaceManager.cpp-L4149: Camctrl DisplayThread Start, ThreadId[625968896]
[2021-10-30 16:44:47] | CInterfaceManager.cpp-L4678: CamCtrl[2020009], U3V SDKVersion(1020009), DriverVersion(0)
[2021-10-30 16:44:48] | CInterfaceManager.cpp-L1066: remalloc RecvBuf succeed, [616448]
[2021-10-30 16:44:48] | CInterfaceManager.cpp-L4335: Camctrl RecvThread Start, ThreadId[1266673408]
[2021-10-30 16:44:48] | CInterfaceManager.cpp-L4149: Camctrl DisplayThread Start, ThreadId[1258280704]
[2021-10-30 16:46:28] | CInterfaceManager.cpp-L4678: CamCtrl[2020009], U3V SDKVersion(1020009), DriverVersion(0)
[2021-10-30 16:46:29] | CInterfaceManager.cpp-L1066: remalloc RecvBuf succeed, [616448]
[2021-10-30 16:46:29] | CInterfaceManager.cpp-L4335: Camctrl RecvThread Start, ThreadId[-1711298816]
[2021-10-30 16:46:29] | CInterfaceManager.cpp-L4149: Camctrl DisplayThread Start, ThreadId[-1719691520]
[2021-10-30 16:48:51] | CInterfaceManager.cpp-L4678: CamCtrl[2020009], U3V SDKVersion(1020009), DriverVersion(0)
[2021-10-30 16:48:53] | CInterfaceManager.cpp-L1066: remalloc RecvBuf succeed, [616448]
[2021-10-30 16:48:53] | CInterfaceManager.cpp-L4335: Camctrl RecvThread Start, ThreadId[-2304]
[2021-10-30 16:48:53] | CInterfaceManager.cpp-L4149: Camctrl DisplayThread Start, ThreadId[-8395008]
[2021-10-30 16:50:19] | CInterfaceManager.cpp-L4678: CamCtrl[2020009], U3V SDKVersion(1020009), DriverVersion(0)
[2021-10-30 16:50:20] | CInterfaceManager.cpp-L1066: remalloc RecvBuf succeed, [616448]
[2021-10-30 16:50:20] | CInterfaceManager.cpp-L4335: Camctrl RecvThread Start, ThreadId[738195200]
[2021-10-30 16:50:20] | CInterfaceManager.cpp-L4149: Camctrl DisplayThread Start, ThreadId[729802496]
[2021-10-30 16:51:17] | CInterfaceManager.cpp-L4678: CamCtrl[2020009], U3V SDKVersion(1020009), DriverVersion(0)
[2021-10-30 16:51:19] | CInterfaceManager.cpp-L1066: remalloc RecvBuf succeed, [616448]
[2021-10-30 16:51:19] | CInterfaceManager.cpp-L4335: Camctrl RecvThread Start, ThreadId[-1962944768]
[2021-10-30 16:51:19] | CInterfaceManager.cpp-L4149: Camctrl DisplayThread Start, ThreadId[-1971337472]
[2021-10-30 16:52:23] | CInterfaceManager.cpp-L4678: CamCtrl[2020009], U3V SDKVersion(1020009), DriverVersion(0)
[2021-10-30 16:52:25] | CInterfaceManager.cpp-L1066: remalloc RecvBuf succeed, [616448]
[2021-10-30 16:52:25] | CInterfaceManager.cpp-L4335: Camctrl RecvThread Start, ThreadId[84895488]
[2021-10-30 16:52:25] | CInterfaceManager.cpp-L4149: Camctrl DisplayThread Start, ThreadId[76502784]
[2021-10-30 16:53:15] | CInterfaceManager.cpp-L4678: CamCtrl[2020009], U3V SDKVersion(1020009), DriverVersion(0)
[2021-10-30 16:53:16] | CInterfaceManager.cpp-L1066: remalloc RecvBuf succeed, [616448]
[2021-10-30 16:53:16] | CInterfaceManager.cpp-L4335: Camctrl RecvThread Start, ThreadId[1384105728]
[2021-10-30 16:53:16] | CInterfaceManager.cpp-L4149: Camctrl DisplayThread Start, ThreadId[1375713024]
[2021-10-30 16:53:28] | CInterfaceManager.cpp-L4678: CamCtrl[2020009], U3V SDKVersion(1020009), DriverVersion(0)
[2021-10-30 16:53:29] | CInterfaceManager.cpp-L1066: remalloc RecvBuf succeed, [616448]
[2021-10-30 16:53:29] | CInterfaceManager.cpp-L4335: Camctrl RecvThread Start, ThreadId[1006630656]
[2021-10-30 16:53:29] | CInterfaceManager.cpp-L4149: Camctrl DisplayThread Start, ThreadId[998237952]
[2021-10-30 16:54:16] | CInterfaceManager.cpp-L4678: CamCtrl[2020009], U3V SDKVersion(1020009), DriverVersion(0)
[2021-10-30 16:54:17] | CInterfaceManager.cpp-L1066: remalloc RecvBuf succeed, [616448]
[2021-10-30 16:54:17] | CInterfaceManager.cpp-L4335: Camctrl RecvThread Start, ThreadId[327149312]
[2021-10-30 16:54:17] | CInterfaceManager.cpp-L4149: Camctrl DisplayThread Start, ThreadId[318756608]
[2021-10-30 16:57:33] | CInterfaceManager.cpp-L4678: CamCtrl[2020009], U3V SDKVersion(1020009), DriverVersion(0)
[2021-10-30 16:57:34] | CInterfaceManager.cpp-L1066: remalloc RecvBuf succeed, [616448]
[2021-10-30 16:57:34] | CInterfaceManager.cpp-L4335: Camctrl RecvThread Start, ThreadId[1782560512]
[2021-10-30 16:57:34] | CInterfaceManager.cpp-L4149: Camctrl DisplayThread Start, ThreadId[1774167808]
[2021-10-30 16:57:38] | CInterfaceManager.cpp-L4678: CamCtrl[2020009], U3V SDKVersion(1020009), DriverVersion(0)
[2021-10-30 16:57:38] | CInterfaceManager.cpp-L1066: remalloc RecvBuf succeed, [616448]
[2021-10-30 16:57:38] | CInterfaceManager.cpp-L4335: Camctrl RecvThread Start, ThreadId[469759744]
[2021-10-30 16:57:38] | CInterfaceManager.cpp-L4149: Camctrl DisplayThread Start, ThreadId[461367040]
[2021-10-30 16:57:46] | CInterfaceManager.cpp-L4678: CamCtrl[2020009], U3V SDKVersion(1020009), DriverVersion(0)
[2021-10-30 16:57:46] | CInterfaceManager.cpp-L1066: remalloc RecvBuf succeed, [616448]
[2021-10-30 16:57:46] | CInterfaceManager.cpp-L4335: Camctrl RecvThread Start, ThreadId[1719650048]
[2021-10-30 16:57:46] | CInterfaceManager.cpp-L4149: Camctrl DisplayThread Start, ThreadId[1711257344]
[2021-10-30 17:02:03] | CInterfaceManager.cpp-L4678: CamCtrl[2020009], U3V SDKVersion(1020009), DriverVersion(0)
[2021-10-30 17:02:04] | CInterfaceManager.cpp-L1066: remalloc RecvBuf succeed, [616448]
[2021-10-30 17:02:04] | CInterfaceManager.cpp-L4335: Camctrl RecvThread Start, ThreadId[751785728]
[2021-10-30 17:02:04] | CInterfaceManager.cpp-L4149: Camctrl DisplayThread Start, ThreadId[469759744]
[2021-10-30 17:06:21] | CInterfaceManager.cpp-L4678: CamCtrl[2020009], U3V SDKVersion(1020009), DriverVersion(0)
[2021-10-30 17:06:22] | CInterfaceManager.cpp-L1066: remalloc RecvBuf succeed, [616448]
[2021-10-30 17:06:22] | CInterfaceManager.cpp-L4335: Camctrl RecvThread Start, ThreadId[1669326592]
[2021-10-30 17:06:22] | CInterfaceManager.cpp-L4149: Camctrl DisplayThread Start, ThreadId[1660933888]
[2021-10-30 17:13:00] | CInterfaceManager.cpp-L4678: CamCtrl[2020009], U3V SDKVersion(1020009), DriverVersion(0)
[2021-10-30 17:13:02] | CInterfaceManager.cpp-L1066: remalloc RecvBuf succeed, [616448]
[2021-10-30 17:13:02] | CInterfaceManager.cpp-L4335: Camctrl RecvThread Start, ThreadId[-805308672]
[2021-10-30 17:13:02] | CInterfaceManager.cpp-L4149: Camctrl DisplayThread Start, ThreadId[-813701376]
[2021-10-30 17:16:12] | CInterfaceManager.cpp-L4678: CamCtrl[2020009], U3V SDKVersion(1020009), DriverVersion(0)
[2021-10-30 17:16:13] | CInterfaceManager.cpp-L1066: remalloc RecvBuf succeed, [616448]
[2021-10-30 17:16:13] | CInterfaceManager.cpp-L4335: Camctrl RecvThread Start, ThreadId[-2117101824]
[2021-10-30 17:16:13] | CInterfaceManager.cpp-L4149: Camctrl DisplayThread Start, ThreadId[-2125494528]
[2021-10-30 17:16:23] | CInterfaceManager.cpp-L4678: CamCtrl[2020009], U3V SDKVersion(1020009), DriverVersion(0)
[2021-10-30 17:16:25] | CInterfaceManager.cpp-L1066: remalloc RecvBuf succeed, [616448]
[2021-10-30 17:16:25] | CInterfaceManager.cpp-L4335: Camctrl RecvThread Start, ThreadId[394258176]
[2021-10-30 17:16:25] | CInterfaceManager.cpp-L4149: Camctrl DisplayThread Start, ThreadId[385865472]
[2021-10-30 17:21:08] | CInterfaceManager.cpp-L4678: CamCtrl[2020009], U3V SDKVersion(1020009), DriverVersion(0)
[2021-10-30 17:21:09] | CInterfaceManager.cpp-L1066: remalloc RecvBuf succeed, [616448]
[2021-10-30 17:21:09] | CInterfaceManager.cpp-L4335: Camctrl RecvThread Start, ThreadId[1862260480]
[2021-10-30 17:21:09] | CInterfaceManager.cpp-L4149: Camctrl DisplayThread Start, ThreadId[1853867776]
